<?xml version="1.0" encoding="UTF-8"?>
<robot generator="Robot 4.0 (Python 3.7.6 on darwin)" generated="20210319 16:33:36.525" rpa="false" schemaversion="2">
<suite id="s1" name="Apitest" source="/Users/shawn/Development/Testing/robotframework-requests-test/apitest/apitest.robot">
<kw name="Create Session" library="RequestsLibrary" type="SETUP">
<arg>qa1</arg>
<arg>https://qa1-retail-api.techstyle.tech</arg>
<doc>Create Session: create a HTTP session to a server</doc>
<msg timestamp="20210319 16:33:36.631" level="INFO">Creating Session using : alias=qa1, url=https://qa1-retail-api.techstyle.tech, headers={},                     cookies={}, auth=None, timeout=None, proxies=None, verify=False,                     debug=0 </msg>
<status status="PASS" starttime="20210319 16:33:36.631" endtime="20210319 16:33:36.631"/>
</kw>
<test id="s1-t1" name="Get Request Test">
<kw name="Get On Session" library="RequestsLibrary">
<var>${resp_qa1}</var>
<arg>qa1</arg>
<arg>/uptime</arg>
<arg>expected_status=200</arg>
<doc>Sends a GET request on a previously created HTTP Session.</doc>
<msg timestamp="20210319 16:33:37.743" level="INFO">GET Request : url=https://qa1-retail-api.techstyle.tech/uptime 
 path_url=/uptime 
 headers={'User-Agent': 'python-requests/2.25.1', 'Accept-Encoding': 'gzip, deflate', 'Accept': '*/*', 'Connection': 'keep-alive'} 
 body=None 
 </msg>
<msg timestamp="20210319 16:33:37.743" level="INFO">GET Response : url=https://qa1-retail-api.techstyle.tech/uptime 
 status=200, reason=OK 
 headers={'X-Powered-By': 'Express', 'Content-Type': 'text/html; charset=utf-8', 'Content-Length': '400', 'ETag': 'W/"190-6c1cd88a"', 'Date': 'Fri, 19 Mar 2021 20:33:37 GMT'} 
 body=&lt;html&gt;	&lt;body&gt;		&lt;strong&gt;APP:&lt;/strong&gt;&amp;nbsp;&amp;nbsp;&amp;nbsp;fc-fling-retail&lt;br /&gt;		&lt;strong&gt;VERSION:&lt;/strong&gt;&amp;nbsp;&amp;nbsp;&amp;nbsp;0.10.7d&lt;br /&gt;		&lt;strong&gt;HOSTNAME:&lt;/strong&gt;&amp;nbsp;&amp;nbsp;&amp;nbsp;81193FE3-2D46-4AD1-957C-89F29CA80B22&lt;br /&gt;		&lt;strong&gt;PID:&lt;/strong&gt;&amp;nbsp;&amp;nbsp;&amp;nbsp;23&lt;br /&gt;		&lt;strong&gt;UPTIME:&lt;/strong&gt;&amp;nbsp;&amp;nbsp;&amp;nbsp;23013.386247668&lt;br /&gt;		&lt;strong&gt;ENV:&lt;/strong&gt;&amp;nbsp;&amp;nbsp;&amp;nbsp;qa1&lt;br /&gt;	&lt;/body&gt;&lt;/html&gt; 
 </msg>
<msg timestamp="20210319 16:33:37.743" level="INFO">/usr/local/lib/python3.7/site-packages/urllib3/connectionpool.py:1020: InsecureRequestWarning: Unverified HTTPS request is being made to host 'qa1-retail-api.techstyle.tech'. Adding certificate verification is strongly advised. See: https://urllib3.readthedocs.io/en/latest/advanced-usage.html#ssl-warnings
  InsecureRequestWarning,</msg>
<msg timestamp="20210319 16:33:37.743" level="INFO">${resp_qa1} = &lt;Response [200]&gt;</msg>
<status status="PASS" starttime="20210319 16:33:36.632" endtime="20210319 16:33:37.744"/>
</kw>
<kw name="Should Be Equal As Strings" library="BuiltIn">
<arg>${resp_qa1.reason}</arg>
<arg>OK</arg>
<doc>Fails if objects are unequal after converting them to strings.</doc>
<status status="PASS" starttime="20210319 16:33:37.744" endtime="20210319 16:33:37.745"/>
</kw>
<status status="PASS" starttime="20210319 16:33:36.632" endtime="20210319 16:33:37.746"/>
</test>
<status status="PASS" starttime="20210319 16:33:36.527" endtime="20210319 16:33:37.747"/>
</suite>
<statistics>
<total>
<stat pass="1" fail="0" skip="0">All Tests</stat>
</total>
<tag>
</tag>
<suite>
<stat pass="1" fail="0" skip="0" id="s1" name="Apitest">Apitest</stat>
</suite>
</statistics>
<errors>
</errors>
</robot>
